c:\users\filip\documents\github\3dproject\opengl\projekt\release\vc141.pdb
c:\users\filip\documents\github\3dproject\opengl\projekt\release\texture.obj
c:\users\filip\documents\github\3dproject\opengl\projekt\release\shadowmap.obj
c:\users\filip\documents\github\3dproject\opengl\projekt\release\shader.obj
c:\users\filip\documents\github\3dproject\opengl\projekt\release\pointlight.obj
c:\users\filip\documents\github\3dproject\opengl\projekt\release\particle.obj
c:\users\filip\documents\github\3dproject\opengl\projekt\release\objecthandler.obj
c:\users\filip\documents\github\3dproject\opengl\projekt\release\object.obj
c:\users\filip\documents\github\3dproject\opengl\projekt\release\mesh.obj
c:\users\filip\documents\github\3dproject\opengl\projekt\release\main.obj
c:\users\filip\documents\github\3dproject\opengl\projekt\release\gbuffer.obj
c:\users\filip\documents\github\3dproject\opengl\projekt\release\finalfbo.obj
c:\users\filip\documents\github\3dproject\opengl\projekt\release\display.obj
c:\users\filip\documents\github\3dproject\opengl\projekt\release\camera.obj
c:\users\filip\documents\github\3dproject\opengl\projekt\release\blur.obj
c:\users\filip\documents\github\3dproject\opengl\projekt\release\bloom.obj
c:\users\filip\documents\github\3dproject\opengl\projekt\release\stb_image.obj
c:\users\filip\documents\github\3dproject\opengl\projekt\release\timer.obj
c:\users\whlxx\documents\small game project\solution\release\vc141.pdb
c:\users\whlxx\documents\small game project\solution\release\texture.obj
c:\users\whlxx\documents\small game project\solution\release\shadowmap.obj
c:\users\whlxx\documents\small game project\solution\release\shader.obj
c:\users\whlxx\documents\small game project\solution\release\pointlight.obj
c:\users\whlxx\documents\small game project\solution\release\particle.obj
c:\users\whlxx\documents\small game project\solution\release\objecthandler.obj
c:\users\whlxx\documents\small game project\solution\release\object.obj
c:\users\whlxx\documents\small game project\solution\release\mesh.obj
c:\users\whlxx\documents\small game project\solution\release\main.obj
c:\users\whlxx\documents\small game project\solution\release\gbuffer.obj
c:\users\whlxx\documents\small game project\solution\release\finalfbo.obj
c:\users\whlxx\documents\small game project\solution\release\display.obj
c:\users\whlxx\documents\small game project\solution\release\camera.obj
c:\users\whlxx\documents\small game project\solution\release\blur.obj
c:\users\whlxx\documents\small game project\solution\release\bloom.obj
c:\users\whlxx\documents\small game project\solution\release\stb_image.obj
c:\users\whlxx\documents\small game project\solution\release\timer.obj
c:\users\filip\documents\github\3dproject\opengl\projekt\release\projekt.exe
c:\users\filip\documents\github\3dproject\opengl\projekt\release\projekt.pdb
c:\users\filip\documents\github\3dproject\opengl\projekt\release\projekt.ipdb
c:\users\filip\documents\github\3dproject\opengl\projekt\release\projekt.iobj
c:\users\whlxx\documents\small game project\solution\release\projekt.ipdb
c:\users\whlxx\documents\small game project\solution\release\projekt.iobj
c:\users\whlxx\documents\small game project\solution\release\projekt.pdb
c:\users\whlxx\documents\small game project\solution\release\projekt.exe
c:\users\whlxx\documents\small game project\solution\release\projekt.tlog\cl.command.1.tlog
c:\users\whlxx\documents\small game project\solution\release\projekt.tlog\cl.read.1.tlog
c:\users\whlxx\documents\small game project\solution\release\projekt.tlog\cl.write.1.tlog
c:\users\whlxx\documents\small game project\solution\release\projekt.tlog\link.command.1.tlog
c:\users\whlxx\documents\small game project\solution\release\projekt.tlog\link.read.1.tlog
c:\users\whlxx\documents\small game project\solution\release\projekt.tlog\link.read.7.tlog
c:\users\whlxx\documents\small game project\solution\release\projekt.tlog\link.read.9.tlog
c:\users\whlxx\documents\small game project\solution\release\projekt.tlog\link.write.1.tlog
c:\users\whlxx\documents\small game project\solution\release\projekt.tlog\projekt.write.1u.tlog
