  Bloom.cpp
  Blur.cpp
  Camera.cpp
  Display.cpp
c:\users\whlxx\documents\small game project\solution\display.cpp(54): warning C4551: function call missing argument list
  FinalFBO.cpp
  GBuffer.cpp
  Main.cpp
c:\users\whlxx\documents\small game project\solution\main.cpp(221): warning C4018: '<': signed/unsigned mismatch
c:\users\whlxx\documents\small game project\solution\main.cpp(228): warning C4244: 'argument': conversion from 'double' to 'float', possible loss of data
c:\users\whlxx\documents\small game project\solution\main.cpp(260): warning C4244: 'argument': conversion from 'double' to 'float', possible loss of data
c:\users\whlxx\documents\small game project\solution\main.cpp(296): warning C4018: '<': signed/unsigned mismatch
c:\users\whlxx\documents\small game project\solution\main.cpp(309): warning C4018: '<': signed/unsigned mismatch
c:\users\whlxx\documents\small game project\solution\main.cpp(340): warning C4018: '<': signed/unsigned mismatch
c:\users\whlxx\documents\small game project\solution\main.cpp(427): warning C4244: 'argument': conversion from 'double' to 'float', possible loss of data
c:\users\whlxx\documents\small game project\solution\main.cpp(433): warning C4018: '<': signed/unsigned mismatch
c:\users\whlxx\documents\small game project\solution\main.cpp(550): warning C4305: '=': truncation from 'double' to 'T'
          with
          [
              T=float
          ]
c:\users\whlxx\documents\small game project\solution\main.cpp(551): warning C4305: '=': truncation from 'double' to 'T'
          with
          [
              T=float
          ]
  Mesh.cpp
c:\users\whlxx\documents\small game project\solution\mesh.cpp(126): warning C4018: '<': signed/unsigned mismatch
  Object.cpp
  ObjectHandler.cpp
  Particle.cpp
c:\users\whlxx\documents\small game project\solution\particle.cpp(120): warning C4305: '=': truncation from 'double' to 'float'
  PointLight.cpp
c:\users\whlxx\documents\small game project\solution\pointlight.cpp(23): warning C4018: '<': signed/unsigned mismatch
c:\users\whlxx\documents\small game project\solution\pointlight.cpp(40): warning C4018: '<': signed/unsigned mismatch
  Shader.cpp
  ShadowMap.cpp
  Texture.cpp
  Generating Code...
  stb_image.c
  timer.c
Bloom.obj : warning LNK4075: ignoring '/EDITANDCONTINUE' due to '/INCREMENTAL:NO' specification
LINK : warning LNK4098: defaultlib 'MSVCRT' conflicts with use of other libs; use /NODEFAULTLIB:library
  Projekt.vcxproj -> C:\Users\Whlxx\Documents\Small Game Project\Solution\Debug\Projekt.exe
